{"/Users/cglobalos/Documents/FE/reactJS/my-app/src/App.js": {"path":"/Users/cglobalos/Documents/FE/reactJS/my-app/src/App.js","statementMap":{"0":{"start":{"line":12,"column":2},"end":{"line":23,"column":4}}},"fnMap":{"0":{"name":"App","decl":{"start":{"line":11,"column":9},"end":{"line":11,"column":12}},"loc":{"start":{"line":11,"column":15},"end":{"line":24,"column":1}},"line":11}},"branchMap":{},"s":{"0":2},"f":{"0":2},"b":{},"_coverageSchema":"1a1c01bbd47fc00a2c39e90264f33305004495a9","hash":"8d4b9b3b19cd636a0d0ea43cf2847fcd497d5d26"}
,"/Users/cglobalos/Documents/FE/reactJS/my-app/src/index.js": {"path":"/Users/cglobalos/Documents/FE/reactJS/my-app/src/index.js","statementMap":{"0":{"start":{"line":8,"column":13},"end":{"line":8,"column":65}},"1":{"start":{"line":9,"column":0},"end":{"line":15,"column":2}},"2":{"start":{"line":20,"column":0},"end":{"line":20,"column":18}}},"fnMap":{},"branchMap":{},"s":{"0":0,"1":0,"2":0},"f":{},"b":{}}
,"/Users/cglobalos/Documents/FE/reactJS/my-app/src/api/apiPath.js": {"path":"/Users/cglobalos/Documents/FE/reactJS/my-app/src/api/apiPath.js","statementMap":{"0":{"start":{"line":1,"column":24},"end":{"line":3,"column":1}}},"fnMap":{},"branchMap":{},"s":{"0":2},"f":{},"b":{},"_coverageSchema":"1a1c01bbd47fc00a2c39e90264f33305004495a9","hash":"260c852bc2d1b890b9b333346690235b77733bbf"}
,"/Users/cglobalos/Documents/FE/reactJS/my-app/src/assets/images/index.js": {"path":"/Users/cglobalos/Documents/FE/reactJS/my-app/src/assets/images/index.js","statementMap":{"0":{"start":{"line":1,"column":15},"end":{"line":6,"column":1}}},"fnMap":{},"branchMap":{},"s":{"0":11},"f":{},"b":{},"_coverageSchema":"1a1c01bbd47fc00a2c39e90264f33305004495a9","hash":"cdb77983d928fb8074046333a70233f7cf8f62b5"}
,"/Users/cglobalos/Documents/FE/reactJS/my-app/src/components/Header/index.js": {"path":"/Users/cglobalos/Documents/FE/reactJS/my-app/src/components/Header/index.js","statementMap":{"0":{"start":{"line":7,"column":15},"end":{"line":40,"column":1}},"1":{"start":{"line":8,"column":28},"end":{"line":8,"column":39}},"2":{"start":{"line":9,"column":27},"end":{"line":9,"column":32}},"3":{"start":{"line":10,"column":19},"end":{"line":10,"column":32}},"4":{"start":{"line":12,"column":22},"end":{"line":14,"column":3}},"5":{"start":{"line":13,"column":4},"end":{"line":13,"column":30}},"6":{"start":{"line":15,"column":22},"end":{"line":17,"column":3}},"7":{"start":{"line":16,"column":4},"end":{"line":16,"column":18}},"8":{"start":{"line":18,"column":2},"end":{"line":39,"column":4}}},"fnMap":{"0":{"name":"(anonymous_0)","decl":{"start":{"line":7,"column":15},"end":{"line":7,"column":16}},"loc":{"start":{"line":7,"column":26},"end":{"line":40,"column":1}},"line":7},"1":{"name":"(anonymous_1)","decl":{"start":{"line":12,"column":22},"end":{"line":12,"column":23}},"loc":{"start":{"line":12,"column":28},"end":{"line":14,"column":3}},"line":12},"2":{"name":"(anonymous_2)","decl":{"start":{"line":15,"column":22},"end":{"line":15,"column":23}},"loc":{"start":{"line":15,"column":28},"end":{"line":17,"column":3}},"line":15}},"branchMap":{"0":{"loc":{"start":{"line":37,"column":7},"end":{"line":37,"column":54}},"type":"binary-expr","locations":[{"start":{"line":37,"column":7},"end":{"line":37,"column":16}},{"start":{"line":37,"column":20},"end":{"line":37,"column":54}}],"line":37}},"s":{"0":7,"1":12,"2":6,"3":6,"4":6,"5":0,"6":6,"7":0,"8":6},"f":{"0":12,"1":0,"2":0},"b":{"0":[6,0]},"_coverageSchema":"1a1c01bbd47fc00a2c39e90264f33305004495a9","hash":"4c22c3b83feb21ecda39ac3a78906ce73d4fbbf0"}
,"/Users/cglobalos/Documents/FE/reactJS/my-app/src/components/Product/index.js": {"path":"/Users/cglobalos/Documents/FE/reactJS/my-app/src/components/Product/index.js","statementMap":{"0":{"start":{"line":6,"column":16},"end":{"line":27,"column":1}},"1":{"start":{"line":7,"column":19},"end":{"line":7,"column":24}},"2":{"start":{"line":8,"column":19},"end":{"line":8,"column":32}},"3":{"start":{"line":9,"column":25},"end":{"line":11,"column":3}},"4":{"start":{"line":10,"column":4},"end":{"line":10,"column":50}},"5":{"start":{"line":13,"column":2},"end":{"line":26,"column":4}}},"fnMap":{"0":{"name":"(anonymous_0)","decl":{"start":{"line":6,"column":16},"end":{"line":6,"column":17}},"loc":{"start":{"line":6,"column":27},"end":{"line":27,"column":1}},"line":6},"1":{"name":"(anonymous_1)","decl":{"start":{"line":9,"column":25},"end":{"line":9,"column":26}},"loc":{"start":{"line":9,"column":31},"end":{"line":11,"column":3}},"line":9}},"branchMap":{},"s":{"0":3,"1":5,"2":4,"3":4,"4":0,"5":4},"f":{"0":5,"1":0},"b":{},"_coverageSchema":"1a1c01bbd47fc00a2c39e90264f33305004495a9","hash":"32f1eda71f3ee36e18c8f0dbcbf7aa9b8ea574e9"}
,"/Users/cglobalos/Documents/FE/reactJS/my-app/src/components/ProductCart/index.js": {"path":"/Users/cglobalos/Documents/FE/reactJS/my-app/src/components/ProductCart/index.js","statementMap":{"0":{"start":{"line":6,"column":20},"end":{"line":55,"column":1}},"1":{"start":{"line":7,"column":35},"end":{"line":7,"column":40}},"2":{"start":{"line":8,"column":22},"end":{"line":8,"column":26}},"3":{"start":{"line":9,"column":28},"end":{"line":9,"column":43}},"4":{"start":{"line":11,"column":2},"end":{"line":13,"column":16}},"5":{"start":{"line":12,"column":4},"end":{"line":12,"column":22}},"6":{"start":{"line":15,"column":27},"end":{"line":18,"column":3}},"7":{"start":{"line":16,"column":4},"end":{"line":16,"column":31}},"8":{"start":{"line":17,"column":4},"end":{"line":17,"column":59}},"9":{"start":{"line":19,"column":2},"end":{"line":54,"column":4}}},"fnMap":{"0":{"name":"(anonymous_0)","decl":{"start":{"line":6,"column":20},"end":{"line":6,"column":21}},"loc":{"start":{"line":6,"column":31},"end":{"line":55,"column":1}},"line":6},"1":{"name":"(anonymous_1)","decl":{"start":{"line":11,"column":12},"end":{"line":11,"column":13}},"loc":{"start":{"line":11,"column":18},"end":{"line":13,"column":3}},"line":11},"2":{"name":"(anonymous_2)","decl":{"start":{"line":15,"column":27},"end":{"line":15,"column":28}},"loc":{"start":{"line":15,"column":34},"end":{"line":18,"column":3}},"line":15}},"branchMap":{},"s":{"0":3,"1":1,"2":1,"3":1,"4":1,"5":1,"6":1,"7":0,"8":0,"9":1},"f":{"0":1,"1":1,"2":0},"b":{},"_coverageSchema":"1a1c01bbd47fc00a2c39e90264f33305004495a9","hash":"85fa29c55be9a77df2489154e4fc195af277df0a"}
,"/Users/cglobalos/Documents/FE/reactJS/my-app/src/components/ProductCheckout/index.js": {"path":"/Users/cglobalos/Documents/FE/reactJS/my-app/src/components/ProductCheckout/index.js","statementMap":{"0":{"start":{"line":3,"column":24},"end":{"line":12,"column":1}},"1":{"start":{"line":4,"column":19},"end":{"line":4,"column":24}},"2":{"start":{"line":6,"column":2},"end":{"line":11,"column":4}}},"fnMap":{"0":{"name":"(anonymous_0)","decl":{"start":{"line":3,"column":24},"end":{"line":3,"column":25}},"loc":{"start":{"line":3,"column":35},"end":{"line":12,"column":1}},"line":3}},"branchMap":{},"s":{"0":3,"1":1,"2":1},"f":{"0":1},"b":{},"_coverageSchema":"1a1c01bbd47fc00a2c39e90264f33305004495a9","hash":"66285c62808fbda52804a669a795f2f1347e281a"}
,"/Users/cglobalos/Documents/FE/reactJS/my-app/src/components/Search/index.js": {"path":"/Users/cglobalos/Documents/FE/reactJS/my-app/src/components/Search/index.js","statementMap":{"0":{"start":{"line":12,"column":15},"end":{"line":63,"column":1}},"1":{"start":{"line":13,"column":27},"end":{"line":13,"column":32}},"2":{"start":{"line":14,"column":38},"end":{"line":14,"column":71}},"3":{"start":{"line":15,"column":40},"end":{"line":15,"column":52}},"4":{"start":{"line":17,"column":25},"end":{"line":20,"column":3}},"5":{"start":{"line":18,"column":22},"end":{"line":18,"column":30}},"6":{"start":{"line":19,"column":4},"end":{"line":19,"column":26}},"7":{"start":{"line":22,"column":24},"end":{"line":24,"column":3}},"8":{"start":{"line":23,"column":4},"end":{"line":23,"column":42}},"9":{"start":{"line":26,"column":2},"end":{"line":62,"column":4}},"10":{"start":{"line":35,"column":12},"end":{"line":44,"column":14}},"11":{"start":{"line":39,"column":18},"end":{"line":39,"column":38}}},"fnMap":{"0":{"name":"(anonymous_0)","decl":{"start":{"line":12,"column":15},"end":{"line":12,"column":16}},"loc":{"start":{"line":12,"column":26},"end":{"line":63,"column":1}},"line":12},"1":{"name":"(anonymous_1)","decl":{"start":{"line":17,"column":25},"end":{"line":17,"column":26}},"loc":{"start":{"line":17,"column":32},"end":{"line":20,"column":3}},"line":17},"2":{"name":"(anonymous_2)","decl":{"start":{"line":22,"column":24},"end":{"line":22,"column":25}},"loc":{"start":{"line":22,"column":30},"end":{"line":24,"column":3}},"line":22},"3":{"name":"(anonymous_3)","decl":{"start":{"line":34,"column":36},"end":{"line":34,"column":37}},"loc":{"start":{"line":34,"column":51},"end":{"line":45,"column":11}},"line":34},"4":{"name":"(anonymous_4)","decl":{"start":{"line":38,"column":25},"end":{"line":38,"column":26}},"loc":{"start":{"line":38,"column":31},"end":{"line":40,"column":17}},"line":38}},"branchMap":{},"s":{"0":8,"1":14,"2":7,"3":7,"4":7,"5":0,"6":0,"7":7,"8":0,"9":7,"10":28,"11":0},"f":{"0":14,"1":0,"2":0,"3":28,"4":0},"b":{},"_coverageSchema":"1a1c01bbd47fc00a2c39e90264f33305004495a9","hash":"5cd9b3d1b6f1c9e0c40893bbf0f9bd6417f71511"}
,"/Users/cglobalos/Documents/FE/reactJS/my-app/src/constants/index.js": {"path":"/Users/cglobalos/Documents/FE/reactJS/my-app/src/constants/index.js","statementMap":{"0":{"start":{"line":2,"column":17},"end":{"line":22,"column":1}}},"fnMap":{},"branchMap":{},"s":{"0":11},"f":{},"b":{},"_coverageSchema":"1a1c01bbd47fc00a2c39e90264f33305004495a9","hash":"0546cf2fe229289a300473fdc072884ccf893237"}
,"/Users/cglobalos/Documents/FE/reactJS/my-app/src/page/Checkout/index.js": {"path":"/Users/cglobalos/Documents/FE/reactJS/my-app/src/page/Checkout/index.js","statementMap":{"0":{"start":{"line":8,"column":21},"end":{"line":8,"column":47}},"1":{"start":{"line":10,"column":17},"end":{"line":136,"column":1}},"2":{"start":{"line":11,"column":42},"end":{"line":11,"column":54}},"3":{"start":{"line":12,"column":19},"end":{"line":12,"column":32}},"4":{"start":{"line":13,"column":44},"end":{"line":13,"column":55}},"5":{"start":{"line":14,"column":32},"end":{"line":14,"column":44}},"6":{"start":{"line":15,"column":40},"end":{"line":15,"column":52}},"7":{"start":{"line":17,"column":2},"end":{"line":25,"column":9}},"8":{"start":{"line":18,"column":19},"end":{"line":18,"column":59}},"9":{"start":{"line":19,"column":4},"end":{"line":24,"column":5}},"10":{"start":{"line":20,"column":6},"end":{"line":22,"column":9}},"11":{"start":{"line":21,"column":8},"end":{"line":21,"column":43}},"12":{"start":{"line":23,"column":6},"end":{"line":23,"column":32}},"13":{"start":{"line":27,"column":2},"end":{"line":35,"column":21}},"14":{"start":{"line":28,"column":4},"end":{"line":34,"column":5}},"15":{"start":{"line":29,"column":20},"end":{"line":32,"column":7}},"16":{"start":{"line":30,"column":27},"end":{"line":30,"column":66}},"17":{"start":{"line":33,"column":6},"end":{"line":33,"column":30}},"18":{"start":{"line":37,"column":18},"end":{"line":40,"column":3}},"19":{"start":{"line":38,"column":4},"end":{"line":38,"column":16}},"20":{"start":{"line":39,"column":4},"end":{"line":39,"column":56}},"21":{"start":{"line":41,"column":20},"end":{"line":43,"column":3}},"22":{"start":{"line":42,"column":4},"end":{"line":42,"column":36}},"23":{"start":{"line":45,"column":26},"end":{"line":48,"column":3}},"24":{"start":{"line":46,"column":22},"end":{"line":46,"column":30}},"25":{"start":{"line":47,"column":4},"end":{"line":47,"column":22}},"26":{"start":{"line":50,"column":24},"end":{"line":53,"column":3}},"27":{"start":{"line":51,"column":22},"end":{"line":51,"column":30}},"28":{"start":{"line":52,"column":4},"end":{"line":52,"column":26}},"29":{"start":{"line":54,"column":23},"end":{"line":54,"column":42}},"30":{"start":{"line":56,"column":2},"end":{"line":135,"column":4}},"31":{"start":{"line":111,"column":16},"end":{"line":115,"column":18}}},"fnMap":{"0":{"name":"(anonymous_0)","decl":{"start":{"line":10,"column":17},"end":{"line":10,"column":18}},"loc":{"start":{"line":10,"column":23},"end":{"line":136,"column":1}},"line":10},"1":{"name":"(anonymous_1)","decl":{"start":{"line":17,"column":12},"end":{"line":17,"column":13}},"loc":{"start":{"line":17,"column":18},"end":{"line":25,"column":3}},"line":17},"2":{"name":"(anonymous_2)","decl":{"start":{"line":20,"column":30},"end":{"line":20,"column":31}},"loc":{"start":{"line":20,"column":40},"end":{"line":22,"column":7}},"line":20},"3":{"name":"(anonymous_3)","decl":{"start":{"line":27,"column":12},"end":{"line":27,"column":13}},"loc":{"start":{"line":27,"column":18},"end":{"line":35,"column":3}},"line":27},"4":{"name":"(anonymous_4)","decl":{"start":{"line":30,"column":8},"end":{"line":30,"column":9}},"loc":{"start":{"line":30,"column":27},"end":{"line":30,"column":66}},"line":30},"5":{"name":"(anonymous_5)","decl":{"start":{"line":37,"column":18},"end":{"line":37,"column":19}},"loc":{"start":{"line":37,"column":24},"end":{"line":40,"column":3}},"line":37},"6":{"name":"(anonymous_6)","decl":{"start":{"line":41,"column":20},"end":{"line":41,"column":21}},"loc":{"start":{"line":41,"column":26},"end":{"line":43,"column":3}},"line":41},"7":{"name":"(anonymous_7)","decl":{"start":{"line":45,"column":26},"end":{"line":45,"column":27}},"loc":{"start":{"line":45,"column":33},"end":{"line":48,"column":3}},"line":45},"8":{"name":"(anonymous_8)","decl":{"start":{"line":50,"column":24},"end":{"line":50,"column":25}},"loc":{"start":{"line":50,"column":31},"end":{"line":53,"column":3}},"line":50},"9":{"name":"(anonymous_9)","decl":{"start":{"line":54,"column":23},"end":{"line":54,"column":24}},"loc":{"start":{"line":54,"column":40},"end":{"line":54,"column":42}},"line":54},"10":{"name":"(anonymous_10)","decl":{"start":{"line":110,"column":31},"end":{"line":110,"column":32}},"loc":{"start":{"line":110,"column":41},"end":{"line":116,"column":15}},"line":110}},"branchMap":{"0":{"loc":{"start":{"line":19,"column":4},"end":{"line":24,"column":5}},"type":"if","locations":[{"start":{"line":19,"column":4},"end":{"line":24,"column":5}},{"start":{},"end":{}}],"line":19},"1":{"loc":{"start":{"line":28,"column":4},"end":{"line":34,"column":5}},"type":"if","locations":[{"start":{"line":28,"column":4},"end":{"line":34,"column":5}},{"start":{},"end":{}}],"line":28},"2":{"loc":{"start":{"line":109,"column":13},"end":{"line":116,"column":16}},"type":"binary-expr","locations":[{"start":{"line":109,"column":13},"end":{"line":109,"column":25}},{"start":{"line":110,"column":14},"end":{"line":116,"column":16}}],"line":109},"3":{"loc":{"start":{"line":125,"column":20},"end":{"line":125,"column":44}},"type":"binary-expr","locations":[{"start":{"line":125,"column":20},"end":{"line":125,"column":28}},{"start":{"line":125,"column":32},"end":{"line":125,"column":44}}],"line":125}},"s":{"0":2,"1":2,"2":2,"3":1,"4":1,"5":1,"6":1,"7":1,"8":1,"9":1,"10":0,"11":0,"12":0,"13":1,"14":1,"15":0,"16":0,"17":0,"18":1,"19":0,"20":0,"21":1,"22":0,"23":1,"24":0,"25":0,"26":1,"27":0,"28":0,"29":1,"30":1,"31":0},"f":{"0":2,"1":1,"2":0,"3":1,"4":0,"5":0,"6":0,"7":0,"8":0,"9":0,"10":0},"b":{"0":[0,1],"1":[0,1],"2":[1,1],"3":[1,0]},"_coverageSchema":"1a1c01bbd47fc00a2c39e90264f33305004495a9","hash":"7b41719bbe9ade507fbbaee9148c47a286df79c0"}
,"/Users/cglobalos/Documents/FE/reactJS/my-app/src/page/Detail/index.js": {"path":"/Users/cglobalos/Documents/FE/reactJS/my-app/src/page/Detail/index.js","statementMap":{"0":{"start":{"line":7,"column":15},"end":{"line":62,"column":1}},"1":{"start":{"line":8,"column":34},"end":{"line":8,"column":45}},"2":{"start":{"line":9,"column":20},"end":{"line":9,"column":33}},"3":{"start":{"line":11,"column":20},"end":{"line":24,"column":3}},"4":{"start":{"line":12,"column":19},"end":{"line":12,"column":59}},"5":{"start":{"line":13,"column":4},"end":{"line":23,"column":5}},"6":{"start":{"line":14,"column":23},"end":{"line":14,"column":70}},"7":{"start":{"line":14,"column":51},"end":{"line":14,"column":69}},"8":{"start":{"line":15,"column":6},"end":{"line":19,"column":7}},"9":{"start":{"line":16,"column":8},"end":{"line":16,"column":48}},"10":{"start":{"line":18,"column":8},"end":{"line":18,"column":56}},"11":{"start":{"line":20,"column":6},"end":{"line":20,"column":61}},"12":{"start":{"line":22,"column":6},"end":{"line":22,"column":87}},"13":{"start":{"line":25,"column":20},"end":{"line":27,"column":3}},"14":{"start":{"line":26,"column":4},"end":{"line":26,"column":53}},"15":{"start":{"line":26,"column":27},"end":{"line":26,"column":50}},"16":{"start":{"line":28,"column":20},"end":{"line":30,"column":3}},"17":{"start":{"line":29,"column":4},"end":{"line":29,"column":36}},"18":{"start":{"line":29,"column":26},"end":{"line":29,"column":34}},"19":{"start":{"line":32,"column":2},"end":{"line":61,"column":4}}},"fnMap":{"0":{"name":"(anonymous_0)","decl":{"start":{"line":7,"column":15},"end":{"line":7,"column":16}},"loc":{"start":{"line":7,"column":21},"end":{"line":62,"column":1}},"line":7},"1":{"name":"(anonymous_1)","decl":{"start":{"line":11,"column":20},"end":{"line":11,"column":21}},"loc":{"start":{"line":11,"column":26},"end":{"line":24,"column":3}},"line":11},"2":{"name":"(anonymous_2)","decl":{"start":{"line":14,"column":42},"end":{"line":14,"column":43}},"loc":{"start":{"line":14,"column":51},"end":{"line":14,"column":69}},"line":14},"3":{"name":"(anonymous_3)","decl":{"start":{"line":25,"column":20},"end":{"line":25,"column":21}},"loc":{"start":{"line":25,"column":26},"end":{"line":27,"column":3}},"line":25},"4":{"name":"(anonymous_4)","decl":{"start":{"line":26,"column":16},"end":{"line":26,"column":17}},"loc":{"start":{"line":26,"column":27},"end":{"line":26,"column":50}},"line":26},"5":{"name":"(anonymous_5)","decl":{"start":{"line":28,"column":20},"end":{"line":28,"column":21}},"loc":{"start":{"line":28,"column":26},"end":{"line":30,"column":3}},"line":28},"6":{"name":"(anonymous_6)","decl":{"start":{"line":29,"column":16},"end":{"line":29,"column":17}},"loc":{"start":{"line":29,"column":26},"end":{"line":29,"column":34}},"line":29}},"branchMap":{"0":{"loc":{"start":{"line":13,"column":4},"end":{"line":23,"column":5}},"type":"if","locations":[{"start":{"line":13,"column":4},"end":{"line":23,"column":5}},{"start":{"line":21,"column":11},"end":{"line":23,"column":5}}],"line":13},"1":{"loc":{"start":{"line":15,"column":6},"end":{"line":19,"column":7}},"type":"if","locations":[{"start":{"line":15,"column":6},"end":{"line":19,"column":7}},{"start":{"line":17,"column":13},"end":{"line":19,"column":7}}],"line":15},"2":{"loc":{"start":{"line":26,"column":27},"end":{"line":26,"column":50}},"type":"cond-expr","locations":[{"start":{"line":26,"column":38},"end":{"line":26,"column":46}},{"start":{"line":26,"column":49},"end":{"line":26,"column":50}}],"line":26}},"s":{"0":2,"1":5,"2":4,"3":4,"4":0,"5":0,"6":0,"7":0,"8":0,"9":0,"10":0,"11":0,"12":0,"13":4,"14":0,"15":0,"16":4,"17":0,"18":0,"19":4},"f":{"0":5,"1":0,"2":0,"3":0,"4":0,"5":0,"6":0},"b":{"0":[0,0],"1":[0,0],"2":[0,0]},"_coverageSchema":"1a1c01bbd47fc00a2c39e90264f33305004495a9","hash":"04c9d55ed741bc1749ce946d06aec5ebe3e7d12a"}
,"/Users/cglobalos/Documents/FE/reactJS/my-app/src/page/Home/index.js": {"path":"/Users/cglobalos/Documents/FE/reactJS/my-app/src/page/Home/index.js","statementMap":{"0":{"start":{"line":10,"column":22},"end":{"line":10,"column":24}},"1":{"start":{"line":11,"column":13},"end":{"line":94,"column":1}},"2":{"start":{"line":12,"column":40},"end":{"line":12,"column":52}},"3":{"start":{"line":13,"column":34},"end":{"line":13,"column":46}},"4":{"start":{"line":14,"column":26},"end":{"line":14,"column":37}},"5":{"start":{"line":15,"column":20},"end":{"line":15,"column":33}},"6":{"start":{"line":17,"column":32},"end":{"line":17,"column":44}},"7":{"start":{"line":19,"column":2},"end":{"line":30,"column":9}},"8":{"start":{"line":20,"column":24},"end":{"line":28,"column":5}},"9":{"start":{"line":21,"column":6},"end":{"line":27,"column":7}},"10":{"start":{"line":22,"column":26},"end":{"line":22,"column":57}},"11":{"start":{"line":23,"column":8},"end":{"line":23,"column":36}},"12":{"start":{"line":25,"column":8},"end":{"line":25,"column":36}},"13":{"start":{"line":26,"column":8},"end":{"line":26,"column":34}},"14":{"start":{"line":29,"column":4},"end":{"line":29,"column":18}},"15":{"start":{"line":32,"column":2},"end":{"line":40,"column":26}},"16":{"start":{"line":33,"column":4},"end":{"line":39,"column":5}},"17":{"start":{"line":34,"column":29},"end":{"line":37,"column":7}},"18":{"start":{"line":38,"column":6},"end":{"line":38,"column":58}},"19":{"start":{"line":38,"column":28},"end":{"line":38,"column":56}},"20":{"start":{"line":42,"column":2},"end":{"line":46,"column":14}},"21":{"start":{"line":43,"column":4},"end":{"line":45,"column":5}},"22":{"start":{"line":44,"column":6},"end":{"line":44,"column":33}},"23":{"start":{"line":48,"column":23},"end":{"line":57,"column":3}},"24":{"start":{"line":49,"column":4},"end":{"line":56,"column":5}},"25":{"start":{"line":50,"column":6},"end":{"line":50,"column":37}},"26":{"start":{"line":51,"column":26},"end":{"line":51,"column":72}},"27":{"start":{"line":52,"column":6},"end":{"line":52,"column":31}},"28":{"start":{"line":54,"column":6},"end":{"line":54,"column":34}},"29":{"start":{"line":55,"column":6},"end":{"line":55,"column":32}},"30":{"start":{"line":59,"column":22},"end":{"line":61,"column":3}},"31":{"start":{"line":60,"column":4},"end":{"line":60,"column":32}},"32":{"start":{"line":60,"column":22},"end":{"line":60,"column":30}},"33":{"start":{"line":63,"column":22},"end":{"line":65,"column":3}},"34":{"start":{"line":64,"column":4},"end":{"line":64,"column":19}},"35":{"start":{"line":67,"column":2},"end":{"line":93,"column":4}},"36":{"start":{"line":73,"column":12},"end":{"line":73,"column":53}}},"fnMap":{"0":{"name":"(anonymous_0)","decl":{"start":{"line":11,"column":13},"end":{"line":11,"column":14}},"loc":{"start":{"line":11,"column":19},"end":{"line":94,"column":1}},"line":11},"1":{"name":"(anonymous_1)","decl":{"start":{"line":19,"column":12},"end":{"line":19,"column":13}},"loc":{"start":{"line":19,"column":18},"end":{"line":30,"column":3}},"line":19},"2":{"name":"(anonymous_2)","decl":{"start":{"line":20,"column":24},"end":{"line":20,"column":25}},"loc":{"start":{"line":20,"column":36},"end":{"line":28,"column":5}},"line":20},"3":{"name":"(anonymous_3)","decl":{"start":{"line":32,"column":12},"end":{"line":32,"column":13}},"loc":{"start":{"line":32,"column":18},"end":{"line":40,"column":3}},"line":32},"4":{"name":"(anonymous_4)","decl":{"start":{"line":38,"column":18},"end":{"line":38,"column":19}},"loc":{"start":{"line":38,"column":28},"end":{"line":38,"column":56}},"line":38},"5":{"name":"(anonymous_5)","decl":{"start":{"line":42,"column":12},"end":{"line":42,"column":13}},"loc":{"start":{"line":42,"column":18},"end":{"line":46,"column":3}},"line":42},"6":{"name":"(anonymous_6)","decl":{"start":{"line":48,"column":23},"end":{"line":48,"column":24}},"loc":{"start":{"line":48,"column":46},"end":{"line":57,"column":3}},"line":48},"7":{"name":"(anonymous_7)","decl":{"start":{"line":59,"column":22},"end":{"line":59,"column":23}},"loc":{"start":{"line":59,"column":28},"end":{"line":61,"column":3}},"line":59},"8":{"name":"(anonymous_8)","decl":{"start":{"line":60,"column":12},"end":{"line":60,"column":13}},"loc":{"start":{"line":60,"column":22},"end":{"line":60,"column":30}},"line":60},"9":{"name":"(anonymous_9)","decl":{"start":{"line":63,"column":22},"end":{"line":63,"column":23}},"loc":{"start":{"line":63,"column":28},"end":{"line":65,"column":3}},"line":63},"10":{"name":"(anonymous_10)","decl":{"start":{"line":72,"column":23},"end":{"line":72,"column":24}},"loc":{"start":{"line":72,"column":38},"end":{"line":74,"column":11}},"line":72}},"branchMap":{"0":{"loc":{"start":{"line":33,"column":4},"end":{"line":39,"column":5}},"type":"if","locations":[{"start":{"line":33,"column":4},"end":{"line":39,"column":5}},{"start":{},"end":{}}],"line":33},"1":{"loc":{"start":{"line":43,"column":4},"end":{"line":45,"column":5}},"type":"if","locations":[{"start":{"line":43,"column":4},"end":{"line":45,"column":5}},{"start":{},"end":{}}],"line":43},"2":{"loc":{"start":{"line":71,"column":9},"end":{"line":77,"column":9}},"type":"cond-expr","locations":[{"start":{"line":72,"column":10},"end":{"line":74,"column":12}},{"start":{"line":76,"column":10},"end":{"line":76,"column":39}}],"line":71},"3":{"loc":{"start":{"line":79,"column":7},"end":{"line":85,"column":7}},"type":"binary-expr","locations":[{"start":{"line":79,"column":7},"end":{"line":79,"column":39}},{"start":{"line":80,"column":8},"end":{"line":84,"column":14}}],"line":79}},"s":{"0":2,"1":2,"2":4,"3":2,"4":2,"5":2,"6":2,"7":2,"8":2,"9":2,"10":2,"11":0,"12":0,"13":0,"14":2,"15":2,"16":2,"17":0,"18":0,"19":0,"20":2,"21":2,"22":0,"23":2,"24":0,"25":0,"26":0,"27":0,"28":0,"29":0,"30":2,"31":0,"32":0,"33":2,"34":0,"35":2,"36":0},"f":{"0":4,"1":2,"2":2,"3":2,"4":0,"5":2,"6":0,"7":0,"8":0,"9":0,"10":0},"b":{"0":[0,2],"1":[0,2],"2":[0,2],"3":[2,0]},"_coverageSchema":"1a1c01bbd47fc00a2c39e90264f33305004495a9","hash":"f35a38e5a46bdc88a3ac1b271f4b9e9161846450"}
,"/Users/cglobalos/Documents/FE/reactJS/my-app/src/page/NoPage/index.js": {"path":"/Users/cglobalos/Documents/FE/reactJS/my-app/src/page/NoPage/index.js","statementMap":{"0":{"start":{"line":3,"column":15},"end":{"line":11,"column":1}},"1":{"start":{"line":4,"column":23},"end":{"line":4,"column":42}},"2":{"start":{"line":5,"column":2},"end":{"line":10,"column":4}}},"fnMap":{"0":{"name":"(anonymous_0)","decl":{"start":{"line":3,"column":15},"end":{"line":3,"column":16}},"loc":{"start":{"line":3,"column":21},"end":{"line":11,"column":1}},"line":3},"1":{"name":"(anonymous_1)","decl":{"start":{"line":4,"column":23},"end":{"line":4,"column":24}},"loc":{"start":{"line":4,"column":40},"end":{"line":4,"column":42}},"line":4}},"branchMap":{},"s":{"0":2,"1":2,"2":2},"f":{"0":2,"1":0},"b":{},"_coverageSchema":"1a1c01bbd47fc00a2c39e90264f33305004495a9","hash":"37f30a3729383015c2369fb0933414d81a7eae96"}
,"/Users/cglobalos/Documents/FE/reactJS/my-app/src/page/ShoppingCart/index.js": {"path":"/Users/cglobalos/Documents/FE/reactJS/my-app/src/page/ShoppingCart/index.js","statementMap":{"0":{"start":{"line":8,"column":21},"end":{"line":105,"column":1}},"1":{"start":{"line":9,"column":42},"end":{"line":9,"column":54}},"2":{"start":{"line":10,"column":32},"end":{"line":10,"column":47}},"3":{"start":{"line":11,"column":44},"end":{"line":11,"column":55}},"4":{"start":{"line":12,"column":19},"end":{"line":12,"column":32}},"5":{"start":{"line":14,"column":2},"end":{"line":22,"column":9}},"6":{"start":{"line":15,"column":19},"end":{"line":15,"column":59}},"7":{"start":{"line":16,"column":4},"end":{"line":21,"column":5}},"8":{"start":{"line":17,"column":6},"end":{"line":19,"column":9}},"9":{"start":{"line":18,"column":8},"end":{"line":18,"column":43}},"10":{"start":{"line":20,"column":6},"end":{"line":20,"column":32}},"11":{"start":{"line":24,"column":2},"end":{"line":33,"column":21}},"12":{"start":{"line":25,"column":4},"end":{"line":32,"column":5}},"13":{"start":{"line":26,"column":29},"end":{"line":28,"column":7}},"14":{"start":{"line":27,"column":18},"end":{"line":27,"column":40}},"15":{"start":{"line":29,"column":6},"end":{"line":29,"column":34}},"16":{"start":{"line":30,"column":20},"end":{"line":30,"column":102}},"17":{"start":{"line":30,"column":59},"end":{"line":30,"column":98}},"18":{"start":{"line":31,"column":6},"end":{"line":31,"column":29}},"19":{"start":{"line":35,"column":22},"end":{"line":41,"column":3}},"20":{"start":{"line":36,"column":4},"end":{"line":36,"column":33}},"21":{"start":{"line":37,"column":28},"end":{"line":39,"column":6}},"22":{"start":{"line":38,"column":6},"end":{"line":38,"column":52}},"23":{"start":{"line":40,"column":4},"end":{"line":40,"column":37}},"24":{"start":{"line":43,"column":25},"end":{"line":49,"column":3}},"25":{"start":{"line":44,"column":4},"end":{"line":48,"column":5}},"26":{"start":{"line":45,"column":20},"end":{"line":45,"column":73}},"27":{"start":{"line":45,"column":53},"end":{"line":45,"column":72}},"28":{"start":{"line":46,"column":6},"end":{"line":46,"column":49}},"29":{"start":{"line":47,"column":6},"end":{"line":47,"column":41}},"30":{"start":{"line":51,"column":21},"end":{"line":55,"column":3}},"31":{"start":{"line":52,"column":20},"end":{"line":52,"column":72}},"32":{"start":{"line":52,"column":50},"end":{"line":52,"column":71}},"33":{"start":{"line":53,"column":4},"end":{"line":53,"column":58}},"34":{"start":{"line":54,"column":4},"end":{"line":54,"column":29}},"35":{"start":{"line":57,"column":20},"end":{"line":59,"column":3}},"36":{"start":{"line":58,"column":4},"end":{"line":58,"column":26}},"37":{"start":{"line":60,"column":23},"end":{"line":60,"column":42}},"38":{"start":{"line":62,"column":2},"end":{"line":104,"column":4}},"39":{"start":{"line":83,"column":12},"end":{"line":83,"column":79}}},"fnMap":{"0":{"name":"(anonymous_0)","decl":{"start":{"line":8,"column":21},"end":{"line":8,"column":22}},"loc":{"start":{"line":8,"column":27},"end":{"line":105,"column":1}},"line":8},"1":{"name":"(anonymous_1)","decl":{"start":{"line":14,"column":12},"end":{"line":14,"column":13}},"loc":{"start":{"line":14,"column":18},"end":{"line":22,"column":3}},"line":14},"2":{"name":"(anonymous_2)","decl":{"start":{"line":17,"column":30},"end":{"line":17,"column":31}},"loc":{"start":{"line":17,"column":40},"end":{"line":19,"column":7}},"line":17},"3":{"name":"(anonymous_3)","decl":{"start":{"line":24,"column":12},"end":{"line":24,"column":13}},"loc":{"start":{"line":24,"column":18},"end":{"line":33,"column":3}},"line":24},"4":{"name":"(anonymous_4)","decl":{"start":{"line":27,"column":8},"end":{"line":27,"column":9}},"loc":{"start":{"line":27,"column":18},"end":{"line":27,"column":40}},"line":27},"5":{"name":"(anonymous_5)","decl":{"start":{"line":30,"column":40},"end":{"line":30,"column":41}},"loc":{"start":{"line":30,"column":59},"end":{"line":30,"column":98}},"line":30},"6":{"name":"(anonymous_6)","decl":{"start":{"line":35,"column":22},"end":{"line":35,"column":23}},"loc":{"start":{"line":35,"column":29},"end":{"line":41,"column":3}},"line":35},"7":{"name":"(anonymous_7)","decl":{"start":{"line":37,"column":45},"end":{"line":37,"column":46}},"loc":{"start":{"line":37,"column":55},"end":{"line":39,"column":5}},"line":37},"8":{"name":"(anonymous_8)","decl":{"start":{"line":43,"column":25},"end":{"line":43,"column":26}},"loc":{"start":{"line":43,"column":35},"end":{"line":49,"column":3}},"line":43},"9":{"name":"(anonymous_9)","decl":{"start":{"line":45,"column":43},"end":{"line":45,"column":44}},"loc":{"start":{"line":45,"column":53},"end":{"line":45,"column":72}},"line":45},"10":{"name":"(anonymous_10)","decl":{"start":{"line":51,"column":21},"end":{"line":51,"column":22}},"loc":{"start":{"line":51,"column":27},"end":{"line":55,"column":3}},"line":51},"11":{"name":"(anonymous_11)","decl":{"start":{"line":52,"column":40},"end":{"line":52,"column":41}},"loc":{"start":{"line":52,"column":50},"end":{"line":52,"column":71}},"line":52},"12":{"name":"(anonymous_12)","decl":{"start":{"line":57,"column":20},"end":{"line":57,"column":21}},"loc":{"start":{"line":57,"column":26},"end":{"line":59,"column":3}},"line":57},"13":{"name":"(anonymous_13)","decl":{"start":{"line":60,"column":23},"end":{"line":60,"column":24}},"loc":{"start":{"line":60,"column":40},"end":{"line":60,"column":42}},"line":60},"14":{"name":"(anonymous_14)","decl":{"start":{"line":82,"column":28},"end":{"line":82,"column":29}},"loc":{"start":{"line":82,"column":38},"end":{"line":84,"column":11}},"line":82}},"branchMap":{"0":{"loc":{"start":{"line":16,"column":4},"end":{"line":21,"column":5}},"type":"if","locations":[{"start":{"line":16,"column":4},"end":{"line":21,"column":5}},{"start":{},"end":{}}],"line":16},"1":{"loc":{"start":{"line":25,"column":4},"end":{"line":32,"column":5}},"type":"if","locations":[{"start":{"line":25,"column":4},"end":{"line":32,"column":5}},{"start":{},"end":{}}],"line":25},"2":{"loc":{"start":{"line":44,"column":4},"end":{"line":48,"column":5}},"type":"if","locations":[{"start":{"line":44,"column":4},"end":{"line":48,"column":5}},{"start":{},"end":{}}],"line":44}},"s":{"0":2,"1":2,"2":1,"3":1,"4":1,"5":1,"6":1,"7":1,"8":0,"9":0,"10":0,"11":1,"12":1,"13":0,"14":0,"15":0,"16":0,"17":0,"18":0,"19":1,"20":0,"21":0,"22":0,"23":0,"24":1,"25":0,"26":0,"27":0,"28":0,"29":0,"30":1,"31":0,"32":0,"33":0,"34":0,"35":1,"36":0,"37":1,"38":1,"39":0},"f":{"0":2,"1":1,"2":0,"3":1,"4":0,"5":0,"6":0,"7":0,"8":0,"9":0,"10":0,"11":0,"12":0,"13":0,"14":0},"b":{"0":[0,1],"1":[0,1],"2":[0,0]},"_coverageSchema":"1a1c01bbd47fc00a2c39e90264f33305004495a9","hash":"2cfdb0bb24dd9e3f69ecdd69cf7b1665ee2c8ee4"}
,"/Users/cglobalos/Documents/FE/reactJS/my-app/src/utils/fetch.js": {"path":"/Users/cglobalos/Documents/FE/reactJS/my-app/src/utils/fetch.js","statementMap":{"0":{"start":{"line":1,"column":17},"end":{"line":1,"column":44}},"1":{"start":{"line":2,"column":17},"end":{"line":2,"column":71}},"2":{"start":{"line":3,"column":17},"end":{"line":89,"column":1}},"3":{"start":{"line":90,"column":20},"end":{"line":104,"column":1}},"4":{"start":{"line":91,"column":2},"end":{"line":103,"column":3}},"5":{"start":{"line":92,"column":19},"end":{"line":95,"column":6}},"6":{"start":{"line":96,"column":4},"end":{"line":96,"column":31}},"7":{"start":{"line":97,"column":4},"end":{"line":100,"column":5}},"8":{"start":{"line":97,"column":35},"end":{"line":97,"column":57}},"9":{"start":{"line":99,"column":6},"end":{"line":99,"column":79}},"10":{"start":{"line":102,"column":4},"end":{"line":102,"column":77}},"11":{"start":{"line":106,"column":24},"end":{"line":110,"column":1}},"12":{"start":{"line":107,"column":12},"end":{"line":107,"column":33}},"13":{"start":{"line":108,"column":2},"end":{"line":108,"column":19}},"14":{"start":{"line":109,"column":2},"end":{"line":109,"column":13}}},"fnMap":{"0":{"name":"(anonymous_0)","decl":{"start":{"line":90,"column":20},"end":{"line":90,"column":21}},"loc":{"start":{"line":90,"column":51},"end":{"line":104,"column":1}},"line":90},"1":{"name":"(anonymous_1)","decl":{"start":{"line":106,"column":24},"end":{"line":106,"column":25}},"loc":{"start":{"line":106,"column":36},"end":{"line":110,"column":1}},"line":106}},"branchMap":{"0":{"loc":{"start":{"line":90,"column":27},"end":{"line":90,"column":35}},"type":"default-arg","locations":[{"start":{"line":90,"column":33},"end":{"line":90,"column":35}}],"line":90},"1":{"loc":{"start":{"line":90,"column":37},"end":{"line":90,"column":46}},"type":"default-arg","locations":[{"start":{"line":90,"column":44},"end":{"line":90,"column":46}}],"line":90},"2":{"loc":{"start":{"line":97,"column":4},"end":{"line":100,"column":5}},"type":"if","locations":[{"start":{"line":97,"column":4},"end":{"line":100,"column":5}},{"start":{"line":98,"column":9},"end":{"line":100,"column":5}}],"line":97}},"s":{"0":2,"1":2,"2":2,"3":2,"4":0,"5":0,"6":0,"7":0,"8":0,"9":0,"10":0,"11":2,"12":2,"13":0,"14":0},"f":{"0":0,"1":2},"b":{"0":[0],"1":[0],"2":[0,0]},"_coverageSchema":"1a1c01bbd47fc00a2c39e90264f33305004495a9","hash":"5733c73196c33c539a8d12551baca1d3ea4fbea5"}
,"/Users/cglobalos/Documents/FE/reactJS/my-app/src/utils/helper.js": {"path":"/Users/cglobalos/Documents/FE/reactJS/my-app/src/utils/helper.js","statementMap":{"0":{"start":{"line":1,"column":30},"end":{"line":3,"column":1}},"1":{"start":{"line":2,"column":2},"end":{"line":2,"column":67}}},"fnMap":{"0":{"name":"(anonymous_0)","decl":{"start":{"line":1,"column":30},"end":{"line":1,"column":31}},"loc":{"start":{"line":1,"column":39},"end":{"line":3,"column":1}},"line":1}},"branchMap":{},"s":{"0":5,"1":4},"f":{"0":4},"b":{},"_coverageSchema":"1a1c01bbd47fc00a2c39e90264f33305004495a9","hash":"fd766b38809c2d408e343c0213ca0e9ebd169577"}
}
